[debug] [2026-03-12T11:33:01.561Z] ----------------------------------------------------------------------
[debug] [2026-03-12T11:33:01.563Z] Command:       C:\Program Files\nodejs\node.exe C:\Users\siva.prasad\AppData\Roaming\npm\node_modules\firebase-tools\lib\bin\firebase.js init hosting:github
[debug] [2026-03-12T11:33:01.564Z] CLI Version:   15.9.1
[debug] [2026-03-12T11:33:01.564Z] Platform:      win32
[debug] [2026-03-12T11:33:01.564Z] Node Version:  v20.19.4
[debug] [2026-03-12T11:33:01.564Z] Time:          Thu Mar 12 2026 17:03:01 GMT+0530 (India Standard Time)
[debug] [2026-03-12T11:33:01.564Z] ----------------------------------------------------------------------
[debug] 
[info] 
     ######## #### ########  ######## ########     ###     ######  ########
     ##        ##  ##     ## ##       ##     ##  ##   ##  ##       ##
     ######    ##  ########  ######   ########  #########  ######  ######
     ##        ##  ##    ##  ##       ##     ## ##     ##       ## ##
     ##       #### ##     ## ######## ########  ##     ##  ######  ########

You're about to initialize a Firebase project in this directory:

  D:\Full Stack Projects\Talent-Hub\Frontend\Talent-Hub

Before we get started, keep in mind:

  * You are initializing within an existing Firebase project directory

[info] 
=== Project Setup
[info] 
[info] First, let's associate this project directory with a Firebase project.
[info] You can create multiple project aliases by running firebase use --add, 
[info] 
[debug] [2026-03-12T11:33:06.943Z] > command requires scopes: ["email","openid","https://www.googleapis.com/auth/cloudplatformprojects.readonly","https://www.googleapis.com/auth/firebase","https://www.googleapis.com/auth/cloud-platform"]
[debug] [2026-03-12T11:33:06.944Z] > authorizing via signed-in user (sivakurra.ksp2357@gmail.com)
[debug] [2026-03-12T11:33:06.946Z] Checked if tokens are valid: true, expires at: 1773318323285
[debug] [2026-03-12T11:33:06.946Z] Checked if tokens are valid: true, expires at: 1773318323285
[debug] [2026-03-12T11:33:06.949Z] >>> [apiv2][query] GET https://firebase.googleapis.com/v1beta1/projects/talent-hub-257d6 [none]
[debug] [2026-03-12T11:33:11.282Z] <<< [apiv2][status] GET https://firebase.googleapis.com/v1beta1/projects/talent-hub-257d6 200
[debug] [2026-03-12T11:33:11.283Z] <<< [apiv2][body] GET https://firebase.googleapis.com/v1beta1/projects/talent-hub-257d6 {"projectId":"talent-hub-257d6","projectNumber":"51480553352","displayName":"Talent-Hub","name":"projects/talent-hub-257d6","resources":{"hostingSite":"talent-hub-257d6"},"state":"ACTIVE","etag":"1_8b74d1cf-28e4-4f5b-8b90-0817fbb43c58"}
[info] i  Using project talent-hub-257d6 (Talent-Hub) . 
[info] 
=== Hosting:github Setup
[info] 
[info] i  Detected a .git folder at D:\Full Stack Projects\Talent-Hub\Frontend\Talent-Hub 
[info] i  Authorizing with GitHub to upload your service account to a GitHub repository's secrets store. 
[info] 
[info] Visit this URL on this device to log in:
[info] https://github.com/login/oauth/authorize?client_id=89cf50f02ac6aaed3484&state=128532017&redirect_uri=http%3A%2F%2Flocalhost%3A9005&scope=read%3Auser%20repo%20public_repo
[info] 
[info] Waiting for authentication...
[debug] [2026-03-12T11:33:12.037Z] >>> [apiv2][query] POST https://github.com/login/oauth/access_token [none]
[debug] [2026-03-12T11:33:12.037Z] >>> [apiv2][body] POST https://github.com/login/oauth/access_token [stream]
[debug] [2026-03-12T11:33:13.311Z] <<< [apiv2][status] POST https://github.com/login/oauth/access_token 200
[debug] [2026-03-12T11:33:13.312Z] <<< [apiv2][body] POST https://github.com/login/oauth/access_token {"access_token":"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","token_type":"bearer","scope":"read:user,repo"}
[debug] [2026-03-12T11:33:13.321Z] >>> [apiv2][query] GET https://api.github.com/user [none]
[debug] [2026-03-12T11:33:13.796Z] <<< [apiv2][status] GET https://api.github.com/user 200
[debug] [2026-03-12T11:33:13.797Z] <<< [apiv2][body] GET https://api.github.com/user {"login":"siva2357","id":113112468,"node_id":"U_kgDOBr31lA","avatar_url":"https://avatars.githubusercontent.com/u/113112468?v=4","gravatar_id":"","url":"https://api.github.com/users/siva2357","html_url":"https://github.com/siva2357","followers_url":"https://api.github.com/users/siva2357/followers","following_url":"https://api.github.com/users/siva2357/following{/other_user}","gists_url":"https://api.github.com/users/siva2357/gists{/gist_id}","starred_url":"https://api.github.com/users/siva2357/starred{/owner}{/repo}","subscriptions_url":"https://api.github.com/users/siva2357/subscriptions","organizations_url":"https://api.github.com/users/siva2357/orgs","repos_url":"https://api.github.com/users/siva2357/repos","events_url":"https://api.github.com/users/siva2357/events{/privacy}","received_events_url":"https://api.github.com/users/siva2357/received_events","type":"User","user_view_type":"private","site_admin":false,"name":"Siva Prasad Kurra","company":"Sub-K IMPACT Solutions","blog":"","location":"Hyderabad","email":null,"hireable":null,"bio":"Working as executive angular developer and seeking to expand my knowledge","twitter_username":null,"notification_email":null,"public_repos":1,"public_gists":0,"followers":0,"following":1,"created_at":"2022-09-08T12:33:06Z","updated_at":"2025-11-04T08:32:10Z","private_gists":0,"total_private_repos":7,"owned_private_repos":7,"disk_usage":56706,"collaborators":0,"two_factor_authentication":false,"plan":{"name":"free","space":976562499,"collaborators":0,"private_repos":10000}}
[info] 
[info] +  Success! Logged into GitHub as siva2357 
[info] 
[debug] [2026-03-12T11:33:20.777Z] >>> [apiv2][query] GET https://api.github.com/repos/cls/actions/secrets/public-key type=owner
[debug] [2026-03-12T11:33:21.063Z] <<< [apiv2][status] GET https://api.github.com/repos/cls/actions/secrets/public-key 404
[debug] [2026-03-12T11:33:21.064Z] <<< [apiv2][body] GET https://api.github.com/repos/cls/actions/secrets/public-key {"message":"Not Found","documentation_url":"https://docs.github.com/rest","status":"404"}
[info] 
[info] 
[error] !  The provided authorization cannot be used with this repository. If this repository is in an organization, did you remember to grant access? 
[info] 
[info] i  Action required: Visit this URL to ensure access has been granted to the appropriate organization(s) for the Firebase CLI GitHub OAuth App: 
[info] https://github.com/settings/connections/applications/89cf50f02ac6aaed3484
[info] 
[debug] [2026-03-12T11:33:23.157Z] ExitPromptError: User force closed the prompt with SIGINT
    at Interface.sigint (C:\Users\siva.prasad\AppData\Roaming\npm\node_modules\firebase-tools\node_modules\@inquirer\core\dist\commonjs\lib\create-prompt.js:101:37)
    at Interface.emit (node:events:524:28)
    at [_ttyWrite] [as _ttyWrite] (node:internal/readline/interface:1125:18)
    at ReadStream.onkeypress (node:internal/readline/interface:264:20)
    at ReadStream.emit (node:events:536:35)
    at emitKeys (node:internal/readline/utils:371:14)
    at emitKeys.next (<anonymous>)
    at ReadStream.onData (node:internal/readline/emitKeypressEvents:64:36)
    at ReadStream.emit (node:events:524:28)
    at addChunk (node:internal/streams/readable:561:12)
[error] 
[error] Error: An unexpected error has occurred.
